CRITICAL - 2026-04-13 10:59:48 --> CodeIgniter\View\Exceptions\ViewException: Invalid file: "templates/header.php"
[Method: GET, Route: /]
in SYSTEMPATH\Exceptions\FrameworkException.php on line 39.
 1 SYSTEMPATH\View\View.php(228): CodeIgniter\Exceptions\FrameworkException::forInvalidFile('templates/header.php')
 2 SYSTEMPATH\View\View.php(489): CodeIgniter\View\View->render('templates/header', null, true)
 3 APPPATH\Views\inventory\index.php(1): CodeIgniter\View\View->include('templates/header')
 4 SYSTEMPATH\View\View.php(240): include('C:\\xampp\\htdocs\\inventory_system\\app\\Views\\inventory\\index.php')
 5 SYSTEMPATH\View\View.php(243): CodeIgniter\View\View->CodeIgniter\View\{closure}()
 6 SYSTEMPATH\Common.php(1250): CodeIgniter\View\View->render('inventory/index', [], true)
 7 APPPATH\Controllers\Inventory.php(33): view('inventory/index', [...])
 8 SYSTEMPATH\CodeIgniter.php(951): App\Controllers\Inventory->index()
 9 SYSTEMPATH\CodeIgniter.php(497): CodeIgniter\CodeIgniter->runController(Object(App\Controllers\Inventory))
10 SYSTEMPATH\CodeIgniter.php(340): CodeIgniter\CodeIgniter->handleRequest(null, Object(Config\Cache), false)
11 SYSTEMPATH\Boot.php(417): CodeIgniter\CodeIgniter->run()
12 SYSTEMPATH\Boot.php(68): CodeIgniter\Boot::runCodeIgniter(Object(CodeIgniter\CodeIgniter))
13 FCPATH\index.php(59): CodeIgniter\Boot::bootWeb(Object(Config\Paths))
14 SYSTEMPATH\rewrite.php(44): require_once('C:\\xampp\\htdocs\\inventory_system\\public\\index.php')
CRITICAL - 2026-04-13 10:59:49 --> CodeIgniter\View\Exceptions\ViewException: Invalid file: "templates/header.php"
[Method: GET, Route: /]
in SYSTEMPATH\Exceptions\FrameworkException.php on line 39.
 1 SYSTEMPATH\View\View.php(228): CodeIgniter\Exceptions\FrameworkException::forInvalidFile('templates/header.php')
 2 SYSTEMPATH\View\View.php(489): CodeIgniter\View\View->render('templates/header', null, true)
 3 APPPATH\Views\inventory\index.php(1): CodeIgniter\View\View->include('templates/header')
 4 SYSTEMPATH\View\View.php(240): include('C:\\xampp\\htdocs\\inventory_system\\app\\Views\\inventory\\index.php')
 5 SYSTEMPATH\View\View.php(243): CodeIgniter\View\View->CodeIgniter\View\{closure}()
 6 SYSTEMPATH\Common.php(1250): CodeIgniter\View\View->render('inventory/index', [], true)
 7 APPPATH\Controllers\Inventory.php(33): view('inventory/index', [...])
 8 SYSTEMPATH\CodeIgniter.php(951): App\Controllers\Inventory->index()
 9 SYSTEMPATH\CodeIgniter.php(497): CodeIgniter\CodeIgniter->runController(Object(App\Controllers\Inventory))
10 SYSTEMPATH\CodeIgniter.php(340): CodeIgniter\CodeIgniter->handleRequest(null, Object(Config\Cache), false)
11 SYSTEMPATH\Boot.php(417): CodeIgniter\CodeIgniter->run()
12 SYSTEMPATH\Boot.php(68): CodeIgniter\Boot::runCodeIgniter(Object(CodeIgniter\CodeIgniter))
13 FCPATH\index.php(59): CodeIgniter\Boot::bootWeb(Object(Config\Paths))
14 SYSTEMPATH\rewrite.php(44): require_once('C:\\xampp\\htdocs\\inventory_system\\public\\index.php')
CRITICAL - 2026-04-13 10:59:57 --> CodeIgniter\View\Exceptions\ViewException: Invalid file: "templates/header.php"
[Method: GET, Route: /]
in SYSTEMPATH\Exceptions\FrameworkException.php on line 39.
 1 SYSTEMPATH\View\View.php(228): CodeIgniter\Exceptions\FrameworkException::forInvalidFile('templates/header.php')
 2 SYSTEMPATH\View\View.php(489): CodeIgniter\View\View->render('templates/header', null, true)
 3 APPPATH\Views\inventory\index.php(1): CodeIgniter\View\View->include('templates/header')
 4 SYSTEMPATH\View\View.php(240): include('C:\\xampp\\htdocs\\inventory_system\\app\\Views\\inventory\\index.php')
 5 SYSTEMPATH\View\View.php(243): CodeIgniter\View\View->CodeIgniter\View\{closure}()
 6 SYSTEMPATH\Common.php(1250): CodeIgniter\View\View->render('inventory/index', [], true)
 7 APPPATH\Controllers\Inventory.php(33): view('inventory/index', [...])
 8 SYSTEMPATH\CodeIgniter.php(951): App\Controllers\Inventory->index()
 9 SYSTEMPATH\CodeIgniter.php(497): CodeIgniter\CodeIgniter->runController(Object(App\Controllers\Inventory))
10 SYSTEMPATH\CodeIgniter.php(340): CodeIgniter\CodeIgniter->handleRequest(null, Object(Config\Cache), false)
11 SYSTEMPATH\Boot.php(417): CodeIgniter\CodeIgniter->run()
12 SYSTEMPATH\Boot.php(68): CodeIgniter\Boot::runCodeIgniter(Object(CodeIgniter\CodeIgniter))
13 FCPATH\index.php(59): CodeIgniter\Boot::bootWeb(Object(Config\Paths))
14 SYSTEMPATH\rewrite.php(44): require_once('C:\\xampp\\htdocs\\inventory_system\\public\\index.php')
DEBUG - 2026-04-13 11:03:03 --> Session: Class initialized using 'CodeIgniter\Session\Handlers\FileHandler' driver.
DEBUG - 2026-04-13 11:03:04 --> Session: Class initialized using 'CodeIgniter\Session\Handlers\FileHandler' driver.
DEBUG - 2026-04-13 11:03:20 --> Session: Class initialized using 'CodeIgniter\Session\Handlers\FileHandler' driver.
DEBUG - 2026-04-13 11:03:24 --> Session: Class initialized using 'CodeIgniter\Session\Handlers\FileHandler' driver.
DEBUG - 2026-04-13 11:05:50 --> Session: Class initialized using 'CodeIgniter\Session\Handlers\FileHandler' driver.
DEBUG - 2026-04-13 11:05:53 --> Session: Class initialized using 'CodeIgniter\Session\Handlers\FileHandler' driver.
DEBUG - 2026-04-13 11:05:58 --> Session: Class initialized using 'CodeIgniter\Session\Handlers\FileHandler' driver.
DEBUG - 2026-04-13 11:07:44 --> Session: Class initialized using 'CodeIgniter\Session\Handlers\FileHandler' driver.
